{"name": "test_vwo_login_positive", "status": "broken", "statusDetails": {"message": "selenium.common.exceptions.TimeoutException: Message: \nStacktrace:\n\tGetHandleVerifier [0x00007FF7CBC41F52+60322]\n\t(No symbol) [0x00007FF7CBBBCEC9]\n\t(No symbol) [0x00007FF7CBA77EBA]\n\t(No symbol) [0x00007FF7CBAC7676]\n\t(No symbol) [0x00007FF7CBAC773C]\n\t(No symbol) [0x00007FF7CBB0E967]\n\t(No symbol) [0x00007FF7CBAEC25F]\n\t(No symbol) [0x00007FF7CBB0BC80]\n\t(No symbol) [0x00007FF7CBAEBFC3]\n\t(No symbol) [0x00007FF7CBAB9617]\n\t(No symbol) [0x00007FF7CBABA211]\n\tGetHandleVerifier [0x00007FF7CBF594AD+3301629]\n\tGetHandleVerifier [0x00007FF7CBFA36D3+3605283]\n\tGetHandleVerifier [0x00007FF7CBF99450+3563680]\n\tGetHandleVerifier [0x00007FF7CBCF4326+790390]\n\t(No symbol) [0x00007FF7CBBC750F]\n\t(No symbol) [0x00007FF7CBBC3404]\n\t(No symbol) [0x00007FF7CBBC3592]\n\t(No symbol) [0x00007FF7CBBB2F9F]\n\tBaseThreadInitThunk [0x00007FFA8880257D+29]\n\tRtlUserThreadStart [0x00007FFA8AA8AF28+40]", "trace": "setup = <selenium.webdriver.chrome.webdriver.WebDriver (session=\"2f6ccf5719b450cfd740f4f5b0c3449f\")>\n\n    @allure.epic(\"VWO Login Test\")\n    @allure.feature(\"TC#1 - VWO App Positive Test\")\n    @pytest.mark.positive\n    def test_vwo_login_positive(setup):\n        login_page = LoginPage(driver=setup)\n        login_page.login_to_vwo(usr=\"pyatb3x@wingify.com\", pwd=\"Wingify@1234\")\n        dashboardPage = DashboardPage(driver=setup)\n>       assert \"Aman Ji\" in dashboardPage.user_logged_in_text()\n\ntests\\vwoLoginTests\\test_vwo_login.py:41: \n_ _ _ _ _ _ _ _ _ _ _ _ _ _ _ _ _ _ _ _ _ _ _ _ _ _ _ _ _ _ _ _ _ _ _ _ _ _ _ _\ntests\\pageObjects\\pom\\dashboardPage.py:30: in user_logged_in_text\n    webdriver_wait(driver=self.driver, element_tuple=self.user_logged_in,timeout=15)\ntests\\utils\\common_utils.py:11: in webdriver_wait\n    WebDriverWait(driver=driver, timeout=timeout).until(\n_ _ _ _ _ _ _ _ _ _ _ _ _ _ _ _ _ _ _ _ _ _ _ _ _ _ _ _ _ _ _ _ _ _ _ _ _ _ _ _\n\nself = <selenium.webdriver.support.wait.WebDriverWait (session=\"2f6ccf5719b450cfd740f4f5b0c3449f\")>\nmethod = <function visibility_of_element_located.<locals>._predicate at 0x000002300AA32520>\nmessage = ''\n\n    def until(self, method: Callable[[D], Union[Literal[False], T]], message: str = \"\") -> T:\n        \"\"\"Calls the method provided with the driver as an argument until the \\\n        return value does not evaluate to ``False``.\n    \n        :param method: callable(WebDriver)\n        :param message: optional message for :exc:`TimeoutException`\n        :returns: the result of the last call to `method`\n        :raises: :exc:`selenium.common.exceptions.TimeoutException` if timeout occurs\n        \"\"\"\n        screen = None\n        stacktrace = None\n    \n        end_time = time.monotonic() + self._timeout\n        while True:\n            try:\n                value = method(self._driver)\n                if value:\n                    return value\n            except self._ignored_exceptions as exc:\n                screen = getattr(exc, \"screen\", None)\n                stacktrace = getattr(exc, \"stacktrace\", None)\n            time.sleep(self._poll)\n            if time.monotonic() > end_time:\n                break\n>       raise TimeoutException(message, screen, stacktrace)\nE       selenium.common.exceptions.TimeoutException: Message: \nE       Stacktrace:\nE       \tGetHandleVerifier [0x00007FF7CBC41F52+60322]\nE       \t(No symbol) [0x00007FF7CBBBCEC9]\nE       \t(No symbol) [0x00007FF7CBA77EBA]\nE       \t(No symbol) [0x00007FF7CBAC7676]\nE       \t(No symbol) [0x00007FF7CBAC773C]\nE       \t(No symbol) [0x00007FF7CBB0E967]\nE       \t(No symbol) [0x00007FF7CBAEC25F]\nE       \t(No symbol) [0x00007FF7CBB0BC80]\nE       \t(No symbol) [0x00007FF7CBAEBFC3]\nE       \t(No symbol) [0x00007FF7CBAB9617]\nE       \t(No symbol) [0x00007FF7CBABA211]\nE       \tGetHandleVerifier [0x00007FF7CBF594AD+3301629]\nE       \tGetHandleVerifier [0x00007FF7CBFA36D3+3605283]\nE       \tGetHandleVerifier [0x00007FF7CBF99450+3563680]\nE       \tGetHandleVerifier [0x00007FF7CBCF4326+790390]\nE       \t(No symbol) [0x00007FF7CBBC750F]\nE       \t(No symbol) [0x00007FF7CBBC3404]\nE       \t(No symbol) [0x00007FF7CBBC3592]\nE       \t(No symbol) [0x00007FF7CBBB2F9F]\nE       \tBaseThreadInitThunk [0x00007FFA8880257D+29]\nE       \tRtlUserThreadStart [0x00007FFA8AA8AF28+40]\n\n.venv\\Lib\\site-packages\\selenium\\webdriver\\support\\wait.py:105: TimeoutException"}, "start": 1727102934436, "stop": 1727102954127, "uuid": "e4b8159a-d244-4b61-af21-9e76e4f1a7bd", "historyId": "99091ff4f3a54bbba7777a96f0a2fe5e", "testCaseId": "99091ff4f3a54bbba7777a96f0a2fe5e", "fullName": "tests.vwoLoginTests.test_vwo_login#test_vwo_login_positive", "labels": [{"name": "feature", "value": "TC#1 - VWO App Positive Test"}, {"name": "epic", "value": "VWO Login Test"}, {"name": "tag", "value": "positive"}, {"name": "parentSuite", "value": "tests.vwoLoginTests"}, {"name": "suite", "value": "test_vwo_login"}, {"name": "host", "value": "LAPTOP-BELRSIMA"}, {"name": "thread", "value": "19112-MainThread"}, {"name": "framework", "value": "pytest"}, {"name": "language", "value": "cpython3"}, {"name": "package", "value": "tests.vwoLoginTests.test_vwo_login"}]}